2018-12-14 11:02:52,084 - Log4JLogChute initialized using file 'velocity.log'
2018-12-14 11:02:52,084 - Velocity was not initialized! Calling init()...
2018-12-14 11:02:52,084 - Starting Apache Velocity v1.5 (compiled: 2007-02-22 08:52:29)
2018-12-14 11:02:52,085 - Default Properties File: org\apache\velocity\runtime\defaults\velocity.properties
2018-12-14 11:02:52,085 - Trying to use logger class org.apache.velocity.runtime.log.AvalonLogChute
2018-12-14 11:02:52,086 - Couldn't find class org.apache.velocity.runtime.log.AvalonLogChute or necessary supporting classes in classpath.
java.lang.NoClassDefFoundError: org/apache/log/format/Formatter
	at java.lang.Class.forName0(Native Method)
	at java.lang.Class.forName(Class.java:348)
	at org.apache.velocity.util.ClassUtils.getClass(ClassUtils.java:63)
	at org.apache.velocity.util.ClassUtils.getNewInstance(ClassUtils.java:95)
	at org.apache.velocity.runtime.log.LogManager.createLogChute(LogManager.java:147)
	at org.apache.velocity.runtime.log.LogManager.updateLog(LogManager.java:208)
	at org.apache.velocity.runtime.RuntimeInstance.initializeLog(RuntimeInstance.java:728)
	at org.apache.velocity.runtime.RuntimeInstance.init(RuntimeInstance.java:240)
	at org.apache.velocity.runtime.RuntimeInstance.parse(RuntimeInstance.java:993)
	at org.apache.velocity.runtime.RuntimeInstance.parse(RuntimeInstance.java:972)
	at org.apache.velocity.runtime.RuntimeSingleton.parse(RuntimeSingleton.java:265)
	at org.apache.velocity.app.Velocity.evaluate(Velocity.java:274)
	at org.sonatype.mavenbook.custom.weather.WeatherFormatter.format(WeatherFormatter.java:21)
	at org.sonatype.mavenbook.custom.weather.yahoo.WeatherFormatterTest.testFormat(WeatherFormatterTest.java:25)
	at sun.reflect.NativeMethodAccessorImpl.invoke0(Native Method)
	at sun.reflect.NativeMethodAccessorImpl.invoke(NativeMethodAccessorImpl.java:62)
	at sun.reflect.DelegatingMethodAccessorImpl.invoke(DelegatingMethodAccessorImpl.java:43)
	at java.lang.reflect.Method.invoke(Method.java:498)
	at org.junit.runners.model.FrameworkMethod$1.runReflectiveCall(FrameworkMethod.java:47)
	at org.junit.internal.runners.model.ReflectiveCallable.run(ReflectiveCallable.java:12)
	at org.junit.runners.model.FrameworkMethod.invokeExplosively(FrameworkMethod.java:44)
	at org.junit.internal.runners.statements.InvokeMethod.evaluate(InvokeMethod.java:17)
	at org.junit.runners.ParentRunner.runLeaf(ParentRunner.java:271)
	at org.junit.runners.BlockJUnit4ClassRunner.runChild(BlockJUnit4ClassRunner.java:70)
	at org.junit.runners.BlockJUnit4ClassRunner.runChild(BlockJUnit4ClassRunner.java:50)
	at org.junit.runners.ParentRunner$3.run(ParentRunner.java:238)
	at org.junit.runners.ParentRunner$1.schedule(ParentRunner.java:63)
	at org.junit.runners.ParentRunner.runChildren(ParentRunner.java:236)
	at org.junit.runners.ParentRunner.access$000(ParentRunner.java:53)
	at org.junit.runners.ParentRunner$2.evaluate(ParentRunner.java:229)
	at org.junit.runners.ParentRunner.run(ParentRunner.java:309)
	at org.junit.runners.Suite.runChild(Suite.java:127)
	at org.junit.runners.Suite.runChild(Suite.java:26)
	at org.junit.runners.ParentRunner$3.run(ParentRunner.java:238)
	at org.junit.runners.ParentRunner$1.schedule(ParentRunner.java:63)
	at org.junit.runners.ParentRunner.runChildren(ParentRunner.java:236)
	at org.junit.runners.ParentRunner.access$000(ParentRunner.java:53)
	at org.junit.runners.ParentRunner$2.evaluate(ParentRunner.java:229)
	at org.junit.runners.ParentRunner.run(ParentRunner.java:309)
	at org.junit.runner.JUnitCore.run(JUnitCore.java:160)
	at com.intellij.junit4.JUnit4IdeaTestRunner.startRunnerWithArgs(JUnit4IdeaTestRunner.java:68)
	at com.intellij.rt.execution.junit.IdeaTestRunner$Repeater.startRunnerWithArgs(IdeaTestRunner.java:47)
	at com.intellij.rt.execution.junit.JUnitStarter.prepareStreamsAndStart(JUnitStarter.java:242)
	at com.intellij.rt.execution.junit.JUnitStarter.main(JUnitStarter.java:70)
Caused by: java.lang.ClassNotFoundException: org.apache.log.format.Formatter
	at java.net.URLClassLoader.findClass(URLClassLoader.java:381)
	at java.lang.ClassLoader.loadClass(ClassLoader.java:424)
	at sun.misc.Launcher$AppClassLoader.loadClass(Launcher.java:349)
	at java.lang.ClassLoader.loadClass(ClassLoader.java:357)
	... 44 more
2018-12-14 11:02:52,088 - Trying to use logger class org.apache.velocity.runtime.log.Log4JLogChute
2018-12-14 11:02:52,088 - Using logger class org.apache.velocity.runtime.log.Log4JLogChute
2018-12-14 11:02:52,089 - Default ResourceManager initializing. (class org.apache.velocity.runtime.resource.ResourceManagerImpl)
2018-12-14 11:02:52,092 - ResourceLoader instantiated: org.apache.velocity.runtime.resource.loader.FileResourceLoader
2018-12-14 11:02:52,093 - Do unicode file recognition:  false
2018-12-14 11:02:52,093 - FileResourceLoader : adding path '.'
2018-12-14 11:02:52,102 - ResourceCache: initialized (class org.apache.velocity.runtime.resource.ResourceCacheImpl)
2018-12-14 11:02:52,103 - Loaded System Directive: org.apache.velocity.runtime.directive.Literal
2018-12-14 11:02:52,104 - Loaded System Directive: org.apache.velocity.runtime.directive.Macro
2018-12-14 11:02:52,105 - Loaded System Directive: org.apache.velocity.runtime.directive.Parse
2018-12-14 11:02:52,106 - Loaded System Directive: org.apache.velocity.runtime.directive.Include
2018-12-14 11:02:52,107 - Loaded System Directive: org.apache.velocity.runtime.directive.Foreach
2018-12-14 11:02:52,128 - Created '20' parsers.
2018-12-14 11:02:52,134 - Velocimacro : "velocimacro.library" is not set.  Trying default library: VM_global_library.vm
2018-12-14 11:02:52,134 - Velocimacro : Default library not found.
2018-12-14 11:02:52,134 - Velocimacro : allowInline = true : VMs can be defined inline in templates
2018-12-14 11:02:52,135 - Velocimacro : allowInlineToOverride = false : VMs defined inline may NOT replace previous VM definitions
2018-12-14 11:02:52,135 - Velocimacro : allowInlineLocal = false : VMs defined inline will be global in scope if allowed.
2018-12-14 11:02:52,135 - Velocimacro : autoload off : VM system will not automatically reload global library macros
2018-12-14 11:03:26,403 - Log4JLogChute initialized using file 'velocity.log'
2018-12-14 11:03:26,404 - Velocity was not initialized! Calling init()...
2018-12-14 11:03:26,404 - Starting Apache Velocity v1.5 (compiled: 2007-02-22 08:52:29)
2018-12-14 11:03:26,404 - Default Properties File: org\apache\velocity\runtime\defaults\velocity.properties
2018-12-14 11:03:26,404 - Trying to use logger class org.apache.velocity.runtime.log.AvalonLogChute
2018-12-14 11:03:26,405 - Couldn't find class org.apache.velocity.runtime.log.AvalonLogChute or necessary supporting classes in classpath.
java.lang.NoClassDefFoundError: org/apache/log/format/Formatter
	at java.lang.Class.forName0(Native Method)
	at java.lang.Class.forName(Unknown Source)
	at org.apache.velocity.util.ClassUtils.getClass(ClassUtils.java:63)
	at org.apache.velocity.util.ClassUtils.getNewInstance(ClassUtils.java:95)
	at org.apache.velocity.runtime.log.LogManager.createLogChute(LogManager.java:147)
	at org.apache.velocity.runtime.log.LogManager.updateLog(LogManager.java:208)
	at org.apache.velocity.runtime.RuntimeInstance.initializeLog(RuntimeInstance.java:728)
	at org.apache.velocity.runtime.RuntimeInstance.init(RuntimeInstance.java:240)
	at org.apache.velocity.runtime.RuntimeInstance.parse(RuntimeInstance.java:993)
	at org.apache.velocity.runtime.RuntimeInstance.parse(RuntimeInstance.java:972)
	at org.apache.velocity.runtime.RuntimeSingleton.parse(RuntimeSingleton.java:265)
	at org.apache.velocity.app.Velocity.evaluate(Velocity.java:274)
	at org.sonatype.mavenbook.custom.weather.WeatherFormatter.format(WeatherFormatter.java:21)
	at org.sonatype.mavenbook.custom.weather.yahoo.WeatherFormatterTest.testFormat(WeatherFormatterTest.java:25)
	at sun.reflect.NativeMethodAccessorImpl.invoke0(Native Method)
	at sun.reflect.NativeMethodAccessorImpl.invoke(Unknown Source)
	at sun.reflect.DelegatingMethodAccessorImpl.invoke(Unknown Source)
	at java.lang.reflect.Method.invoke(Unknown Source)
	at org.junit.runners.model.FrameworkMethod$1.runReflectiveCall(FrameworkMethod.java:47)
	at org.junit.internal.runners.model.ReflectiveCallable.run(ReflectiveCallable.java:12)
	at org.junit.runners.model.FrameworkMethod.invokeExplosively(FrameworkMethod.java:44)
	at org.junit.internal.runners.statements.InvokeMethod.evaluate(InvokeMethod.java:17)
	at org.junit.runners.ParentRunner.runLeaf(ParentRunner.java:271)
	at org.junit.runners.BlockJUnit4ClassRunner.runChild(BlockJUnit4ClassRunner.java:70)
	at org.junit.runners.BlockJUnit4ClassRunner.runChild(BlockJUnit4ClassRunner.java:50)
	at org.junit.runners.ParentRunner$3.run(ParentRunner.java:238)
	at org.junit.runners.ParentRunner$1.schedule(ParentRunner.java:63)
	at org.junit.runners.ParentRunner.runChildren(ParentRunner.java:236)
	at org.junit.runners.ParentRunner.access$000(ParentRunner.java:53)
	at org.junit.runners.ParentRunner$2.evaluate(ParentRunner.java:229)
	at org.junit.runners.ParentRunner.run(ParentRunner.java:309)
	at org.apache.maven.surefire.junit4.JUnit4Provider.execute(JUnit4Provider.java:252)
	at org.apache.maven.surefire.junit4.JUnit4Provider.executeTestSet(JUnit4Provider.java:141)
	at org.apache.maven.surefire.junit4.JUnit4Provider.invoke(JUnit4Provider.java:112)
	at sun.reflect.NativeMethodAccessorImpl.invoke0(Native Method)
	at sun.reflect.NativeMethodAccessorImpl.invoke(Unknown Source)
	at sun.reflect.DelegatingMethodAccessorImpl.invoke(Unknown Source)
	at java.lang.reflect.Method.invoke(Unknown Source)
	at org.apache.maven.surefire.util.ReflectionUtils.invokeMethodWithArray(ReflectionUtils.java:189)
	at org.apache.maven.surefire.booter.ProviderFactory$ProviderProxy.invoke(ProviderFactory.java:165)
	at org.apache.maven.surefire.booter.ProviderFactory.invokeProvider(ProviderFactory.java:85)
	at org.apache.maven.surefire.booter.ForkedBooter.runSuitesInProcess(ForkedBooter.java:115)
	at org.apache.maven.surefire.booter.ForkedBooter.main(ForkedBooter.java:75)
Caused by: java.lang.ClassNotFoundException: org.apache.log.format.Formatter
	at java.net.URLClassLoader.findClass(Unknown Source)
	at java.lang.ClassLoader.loadClass(Unknown Source)
	at sun.misc.Launcher$AppClassLoader.loadClass(Unknown Source)
	at java.lang.ClassLoader.loadClass(Unknown Source)
	... 43 more
2018-12-14 11:03:26,407 - Trying to use logger class org.apache.velocity.runtime.log.Log4JLogChute
2018-12-14 11:03:26,407 - Using logger class org.apache.velocity.runtime.log.Log4JLogChute
2018-12-14 11:03:26,409 - Default ResourceManager initializing. (class org.apache.velocity.runtime.resource.ResourceManagerImpl)
2018-12-14 11:03:26,411 - ResourceLoader instantiated: org.apache.velocity.runtime.resource.loader.FileResourceLoader
2018-12-14 11:03:26,412 - Do unicode file recognition:  false
2018-12-14 11:03:26,412 - FileResourceLoader : adding path '.'
2018-12-14 11:03:26,423 - ResourceCache: initialized (class org.apache.velocity.runtime.resource.ResourceCacheImpl)
2018-12-14 11:03:26,424 - Loaded System Directive: org.apache.velocity.runtime.directive.Literal
2018-12-14 11:03:26,425 - Loaded System Directive: org.apache.velocity.runtime.directive.Macro
2018-12-14 11:03:26,426 - Loaded System Directive: org.apache.velocity.runtime.directive.Parse
2018-12-14 11:03:26,427 - Loaded System Directive: org.apache.velocity.runtime.directive.Include
2018-12-14 11:03:26,428 - Loaded System Directive: org.apache.velocity.runtime.directive.Foreach
2018-12-14 11:03:26,447 - Created '20' parsers.
2018-12-14 11:03:26,452 - Velocimacro : "velocimacro.library" is not set.  Trying default library: VM_global_library.vm
2018-12-14 11:03:26,453 - Velocimacro : Default library not found.
2018-12-14 11:03:26,453 - Velocimacro : allowInline = true : VMs can be defined inline in templates
2018-12-14 11:03:26,453 - Velocimacro : allowInlineToOverride = false : VMs defined inline may NOT replace previous VM definitions
2018-12-14 11:03:26,453 - Velocimacro : allowInlineLocal = false : VMs defined inline will be global in scope if allowed.
2018-12-14 11:03:26,453 - Velocimacro : autoload off : VM system will not automatically reload global library macros
2018-12-14 11:03:49,638 - Log4JLogChute initialized using file 'velocity.log'
2018-12-14 11:03:49,639 - Velocity was not initialized! Calling init()...
2018-12-14 11:03:49,639 - Starting Apache Velocity v1.5 (compiled: 2007-02-22 08:52:29)
2018-12-14 11:03:49,639 - Default Properties File: org\apache\velocity\runtime\defaults\velocity.properties
2018-12-14 11:03:49,639 - Trying to use logger class org.apache.velocity.runtime.log.AvalonLogChute
2018-12-14 11:03:49,640 - Couldn't find class org.apache.velocity.runtime.log.AvalonLogChute or necessary supporting classes in classpath.
java.lang.NoClassDefFoundError: org/apache/log/format/Formatter
	at java.lang.Class.forName0(Native Method)
	at java.lang.Class.forName(Unknown Source)
	at org.apache.velocity.util.ClassUtils.getClass(ClassUtils.java:63)
	at org.apache.velocity.util.ClassUtils.getNewInstance(ClassUtils.java:95)
	at org.apache.velocity.runtime.log.LogManager.createLogChute(LogManager.java:147)
	at org.apache.velocity.runtime.log.LogManager.updateLog(LogManager.java:208)
	at org.apache.velocity.runtime.RuntimeInstance.initializeLog(RuntimeInstance.java:728)
	at org.apache.velocity.runtime.RuntimeInstance.init(RuntimeInstance.java:240)
	at org.apache.velocity.runtime.RuntimeInstance.parse(RuntimeInstance.java:993)
	at org.apache.velocity.runtime.RuntimeInstance.parse(RuntimeInstance.java:972)
	at org.apache.velocity.runtime.RuntimeSingleton.parse(RuntimeSingleton.java:265)
	at org.apache.velocity.app.Velocity.evaluate(Velocity.java:274)
	at org.sonatype.mavenbook.custom.weather.WeatherFormatter.format(WeatherFormatter.java:21)
	at org.sonatype.mavenbook.custom.weather.yahoo.WeatherFormatterTest.testFormat(WeatherFormatterTest.java:25)
	at sun.reflect.NativeMethodAccessorImpl.invoke0(Native Method)
	at sun.reflect.NativeMethodAccessorImpl.invoke(Unknown Source)
	at sun.reflect.DelegatingMethodAccessorImpl.invoke(Unknown Source)
	at java.lang.reflect.Method.invoke(Unknown Source)
	at org.junit.runners.model.FrameworkMethod$1.runReflectiveCall(FrameworkMethod.java:47)
	at org.junit.internal.runners.model.ReflectiveCallable.run(ReflectiveCallable.java:12)
	at org.junit.runners.model.FrameworkMethod.invokeExplosively(FrameworkMethod.java:44)
	at org.junit.internal.runners.statements.InvokeMethod.evaluate(InvokeMethod.java:17)
	at org.junit.runners.ParentRunner.runLeaf(ParentRunner.java:271)
	at org.junit.runners.BlockJUnit4ClassRunner.runChild(BlockJUnit4ClassRunner.java:70)
	at org.junit.runners.BlockJUnit4ClassRunner.runChild(BlockJUnit4ClassRunner.java:50)
	at org.junit.runners.ParentRunner$3.run(ParentRunner.java:238)
	at org.junit.runners.ParentRunner$1.schedule(ParentRunner.java:63)
	at org.junit.runners.ParentRunner.runChildren(ParentRunner.java:236)
	at org.junit.runners.ParentRunner.access$000(ParentRunner.java:53)
	at org.junit.runners.ParentRunner$2.evaluate(ParentRunner.java:229)
	at org.junit.runners.ParentRunner.run(ParentRunner.java:309)
	at org.apache.maven.surefire.junit4.JUnit4Provider.execute(JUnit4Provider.java:252)
	at org.apache.maven.surefire.junit4.JUnit4Provider.executeTestSet(JUnit4Provider.java:141)
	at org.apache.maven.surefire.junit4.JUnit4Provider.invoke(JUnit4Provider.java:112)
	at sun.reflect.NativeMethodAccessorImpl.invoke0(Native Method)
	at sun.reflect.NativeMethodAccessorImpl.invoke(Unknown Source)
	at sun.reflect.DelegatingMethodAccessorImpl.invoke(Unknown Source)
	at java.lang.reflect.Method.invoke(Unknown Source)
	at org.apache.maven.surefire.util.ReflectionUtils.invokeMethodWithArray(ReflectionUtils.java:189)
	at org.apache.maven.surefire.booter.ProviderFactory$ProviderProxy.invoke(ProviderFactory.java:165)
	at org.apache.maven.surefire.booter.ProviderFactory.invokeProvider(ProviderFactory.java:85)
	at org.apache.maven.surefire.booter.ForkedBooter.runSuitesInProcess(ForkedBooter.java:115)
	at org.apache.maven.surefire.booter.ForkedBooter.main(ForkedBooter.java:75)
Caused by: java.lang.ClassNotFoundException: org.apache.log.format.Formatter
	at java.net.URLClassLoader.findClass(Unknown Source)
	at java.lang.ClassLoader.loadClass(Unknown Source)
	at sun.misc.Launcher$AppClassLoader.loadClass(Unknown Source)
	at java.lang.ClassLoader.loadClass(Unknown Source)
	... 43 more
2018-12-14 11:03:49,642 - Trying to use logger class org.apache.velocity.runtime.log.Log4JLogChute
2018-12-14 11:03:49,642 - Using logger class org.apache.velocity.runtime.log.Log4JLogChute
2018-12-14 11:03:49,643 - Default ResourceManager initializing. (class org.apache.velocity.runtime.resource.ResourceManagerImpl)
2018-12-14 11:03:49,646 - ResourceLoader instantiated: org.apache.velocity.runtime.resource.loader.FileResourceLoader
2018-12-14 11:03:49,646 - Do unicode file recognition:  false
2018-12-14 11:03:49,646 - FileResourceLoader : adding path '.'
2018-12-14 11:03:49,657 - ResourceCache: initialized (class org.apache.velocity.runtime.resource.ResourceCacheImpl)
2018-12-14 11:03:49,658 - Loaded System Directive: org.apache.velocity.runtime.directive.Literal
2018-12-14 11:03:49,659 - Loaded System Directive: org.apache.velocity.runtime.directive.Macro
2018-12-14 11:03:49,660 - Loaded System Directive: org.apache.velocity.runtime.directive.Parse
2018-12-14 11:03:49,661 - Loaded System Directive: org.apache.velocity.runtime.directive.Include
2018-12-14 11:03:49,662 - Loaded System Directive: org.apache.velocity.runtime.directive.Foreach
2018-12-14 11:03:49,682 - Created '20' parsers.
2018-12-14 11:03:49,687 - Velocimacro : "velocimacro.library" is not set.  Trying default library: VM_global_library.vm
2018-12-14 11:03:49,687 - Velocimacro : Default library not found.
2018-12-14 11:03:49,687 - Velocimacro : allowInline = true : VMs can be defined inline in templates
2018-12-14 11:03:49,687 - Velocimacro : allowInlineToOverride = false : VMs defined inline may NOT replace previous VM definitions
2018-12-14 11:03:49,687 - Velocimacro : allowInlineLocal = false : VMs defined inline will be global in scope if allowed.
2018-12-14 11:03:49,687 - Velocimacro : autoload off : VM system will not automatically reload global library macros
2018-12-14 11:26:41,021 - Log4JLogChute initialized using file 'velocity.log'
2018-12-14 11:26:41,022 - Velocity was not initialized! Calling init()...
2018-12-14 11:26:41,022 - Starting Apache Velocity v1.5 (compiled: 2007-02-22 08:52:29)
2018-12-14 11:26:41,022 - Default Properties File: org\apache\velocity\runtime\defaults\velocity.properties
2018-12-14 11:26:41,022 - Trying to use logger class org.apache.velocity.runtime.log.AvalonLogChute
2018-12-14 11:26:41,023 - Couldn't find class org.apache.velocity.runtime.log.AvalonLogChute or necessary supporting classes in classpath.
java.lang.NoClassDefFoundError: org/apache/log/format/Formatter
	at java.lang.Class.forName0(Native Method)
	at java.lang.Class.forName(Unknown Source)
	at org.apache.velocity.util.ClassUtils.getClass(ClassUtils.java:63)
	at org.apache.velocity.util.ClassUtils.getNewInstance(ClassUtils.java:95)
	at org.apache.velocity.runtime.log.LogManager.createLogChute(LogManager.java:147)
	at org.apache.velocity.runtime.log.LogManager.updateLog(LogManager.java:208)
	at org.apache.velocity.runtime.RuntimeInstance.initializeLog(RuntimeInstance.java:728)
	at org.apache.velocity.runtime.RuntimeInstance.init(RuntimeInstance.java:240)
	at org.apache.velocity.runtime.RuntimeInstance.parse(RuntimeInstance.java:993)
	at org.apache.velocity.runtime.RuntimeInstance.parse(RuntimeInstance.java:972)
	at org.apache.velocity.runtime.RuntimeSingleton.parse(RuntimeSingleton.java:265)
	at org.apache.velocity.app.Velocity.evaluate(Velocity.java:274)
	at org.sonatype.mavenbook.custom.weather.WeatherFormatter.format(WeatherFormatter.java:21)
	at org.sonatype.mavenbook.custom.weather.yahoo.WeatherFormatterTest.testFormat(WeatherFormatterTest.java:25)
	at sun.reflect.NativeMethodAccessorImpl.invoke0(Native Method)
	at sun.reflect.NativeMethodAccessorImpl.invoke(Unknown Source)
	at sun.reflect.DelegatingMethodAccessorImpl.invoke(Unknown Source)
	at java.lang.reflect.Method.invoke(Unknown Source)
	at org.junit.runners.model.FrameworkMethod$1.runReflectiveCall(FrameworkMethod.java:47)
	at org.junit.internal.runners.model.ReflectiveCallable.run(ReflectiveCallable.java:12)
	at org.junit.runners.model.FrameworkMethod.invokeExplosively(FrameworkMethod.java:44)
	at org.junit.internal.runners.statements.InvokeMethod.evaluate(InvokeMethod.java:17)
	at org.junit.runners.ParentRunner.runLeaf(ParentRunner.java:271)
	at org.junit.runners.BlockJUnit4ClassRunner.runChild(BlockJUnit4ClassRunner.java:70)
	at org.junit.runners.BlockJUnit4ClassRunner.runChild(BlockJUnit4ClassRunner.java:50)
	at org.junit.runners.ParentRunner$3.run(ParentRunner.java:238)
	at org.junit.runners.ParentRunner$1.schedule(ParentRunner.java:63)
	at org.junit.runners.ParentRunner.runChildren(ParentRunner.java:236)
	at org.junit.runners.ParentRunner.access$000(ParentRunner.java:53)
	at org.junit.runners.ParentRunner$2.evaluate(ParentRunner.java:229)
	at org.junit.runners.ParentRunner.run(ParentRunner.java:309)
	at org.apache.maven.surefire.junit4.JUnit4Provider.execute(JUnit4Provider.java:252)
	at org.apache.maven.surefire.junit4.JUnit4Provider.executeTestSet(JUnit4Provider.java:141)
	at org.apache.maven.surefire.junit4.JUnit4Provider.invoke(JUnit4Provider.java:112)
	at sun.reflect.NativeMethodAccessorImpl.invoke0(Native Method)
	at sun.reflect.NativeMethodAccessorImpl.invoke(Unknown Source)
	at sun.reflect.DelegatingMethodAccessorImpl.invoke(Unknown Source)
	at java.lang.reflect.Method.invoke(Unknown Source)
	at org.apache.maven.surefire.util.ReflectionUtils.invokeMethodWithArray(ReflectionUtils.java:189)
	at org.apache.maven.surefire.booter.ProviderFactory$ProviderProxy.invoke(ProviderFactory.java:165)
	at org.apache.maven.surefire.booter.ProviderFactory.invokeProvider(ProviderFactory.java:85)
	at org.apache.maven.surefire.booter.ForkedBooter.runSuitesInProcess(ForkedBooter.java:115)
	at org.apache.maven.surefire.booter.ForkedBooter.main(ForkedBooter.java:75)
Caused by: java.lang.ClassNotFoundException: org.apache.log.format.Formatter
	at java.net.URLClassLoader.findClass(Unknown Source)
	at java.lang.ClassLoader.loadClass(Unknown Source)
	at sun.misc.Launcher$AppClassLoader.loadClass(Unknown Source)
	at java.lang.ClassLoader.loadClass(Unknown Source)
	... 43 more
2018-12-14 11:26:41,025 - Trying to use logger class org.apache.velocity.runtime.log.Log4JLogChute
2018-12-14 11:26:41,025 - Using logger class org.apache.velocity.runtime.log.Log4JLogChute
2018-12-14 11:26:41,026 - Default ResourceManager initializing. (class org.apache.velocity.runtime.resource.ResourceManagerImpl)
2018-12-14 11:26:41,029 - ResourceLoader instantiated: org.apache.velocity.runtime.resource.loader.FileResourceLoader
2018-12-14 11:26:41,029 - Do unicode file recognition:  false
2018-12-14 11:26:41,029 - FileResourceLoader : adding path '.'
2018-12-14 11:26:41,041 - ResourceCache: initialized (class org.apache.velocity.runtime.resource.ResourceCacheImpl)
2018-12-14 11:26:41,042 - Loaded System Directive: org.apache.velocity.runtime.directive.Literal
2018-12-14 11:26:41,043 - Loaded System Directive: org.apache.velocity.runtime.directive.Macro
2018-12-14 11:26:41,044 - Loaded System Directive: org.apache.velocity.runtime.directive.Parse
2018-12-14 11:26:41,045 - Loaded System Directive: org.apache.velocity.runtime.directive.Include
2018-12-14 11:26:41,045 - Loaded System Directive: org.apache.velocity.runtime.directive.Foreach
2018-12-14 11:26:41,067 - Created '20' parsers.
2018-12-14 11:26:41,072 - Velocimacro : "velocimacro.library" is not set.  Trying default library: VM_global_library.vm
2018-12-14 11:26:41,072 - Velocimacro : Default library not found.
2018-12-14 11:26:41,072 - Velocimacro : allowInline = true : VMs can be defined inline in templates
2018-12-14 11:26:41,073 - Velocimacro : allowInlineToOverride = false : VMs defined inline may NOT replace previous VM definitions
2018-12-14 11:26:41,073 - Velocimacro : allowInlineLocal = false : VMs defined inline will be global in scope if allowed.
2018-12-14 11:26:41,073 - Velocimacro : autoload off : VM system will not automatically reload global library macros
2018-12-14 11:37:39,599 - Log4JLogChute initialized using file 'velocity.log'
2018-12-14 11:37:39,600 - Velocity was not initialized! Calling init()...
2018-12-14 11:37:39,600 - Starting Apache Velocity v1.5 (compiled: 2007-02-22 08:52:29)
2018-12-14 11:37:39,600 - Default Properties File: org\apache\velocity\runtime\defaults\velocity.properties
2018-12-14 11:37:39,600 - Trying to use logger class org.apache.velocity.runtime.log.AvalonLogChute
2018-12-14 11:37:39,601 - Couldn't find class org.apache.velocity.runtime.log.AvalonLogChute or necessary supporting classes in classpath.
java.lang.NoClassDefFoundError: org/apache/log/format/Formatter
	at java.lang.Class.forName0(Native Method)
	at java.lang.Class.forName(Unknown Source)
	at org.apache.velocity.util.ClassUtils.getClass(ClassUtils.java:63)
	at org.apache.velocity.util.ClassUtils.getNewInstance(ClassUtils.java:95)
	at org.apache.velocity.runtime.log.LogManager.createLogChute(LogManager.java:147)
	at org.apache.velocity.runtime.log.LogManager.updateLog(LogManager.java:208)
	at org.apache.velocity.runtime.RuntimeInstance.initializeLog(RuntimeInstance.java:728)
	at org.apache.velocity.runtime.RuntimeInstance.init(RuntimeInstance.java:240)
	at org.apache.velocity.runtime.RuntimeInstance.parse(RuntimeInstance.java:993)
	at org.apache.velocity.runtime.RuntimeInstance.parse(RuntimeInstance.java:972)
	at org.apache.velocity.runtime.RuntimeSingleton.parse(RuntimeSingleton.java:265)
	at org.apache.velocity.app.Velocity.evaluate(Velocity.java:274)
	at org.sonatype.mavenbook.custom.weather.WeatherFormatter.format(WeatherFormatter.java:21)
	at org.sonatype.mavenbook.custom.weather.yahoo.WeatherFormatterTest.testFormat(WeatherFormatterTest.java:25)
	at sun.reflect.NativeMethodAccessorImpl.invoke0(Native Method)
	at sun.reflect.NativeMethodAccessorImpl.invoke(Unknown Source)
	at sun.reflect.DelegatingMethodAccessorImpl.invoke(Unknown Source)
	at java.lang.reflect.Method.invoke(Unknown Source)
	at org.junit.runners.model.FrameworkMethod$1.runReflectiveCall(FrameworkMethod.java:47)
	at org.junit.internal.runners.model.ReflectiveCallable.run(ReflectiveCallable.java:12)
	at org.junit.runners.model.FrameworkMethod.invokeExplosively(FrameworkMethod.java:44)
	at org.junit.internal.runners.statements.InvokeMethod.evaluate(InvokeMethod.java:17)
	at org.junit.runners.ParentRunner.runLeaf(ParentRunner.java:271)
	at org.junit.runners.BlockJUnit4ClassRunner.runChild(BlockJUnit4ClassRunner.java:70)
	at org.junit.runners.BlockJUnit4ClassRunner.runChild(BlockJUnit4ClassRunner.java:50)
	at org.junit.runners.ParentRunner$3.run(ParentRunner.java:238)
	at org.junit.runners.ParentRunner$1.schedule(ParentRunner.java:63)
	at org.junit.runners.ParentRunner.runChildren(ParentRunner.java:236)
	at org.junit.runners.ParentRunner.access$000(ParentRunner.java:53)
	at org.junit.runners.ParentRunner$2.evaluate(ParentRunner.java:229)
	at org.junit.runners.ParentRunner.run(ParentRunner.java:309)
	at org.apache.maven.surefire.junit4.JUnit4Provider.execute(JUnit4Provider.java:252)
	at org.apache.maven.surefire.junit4.JUnit4Provider.executeTestSet(JUnit4Provider.java:141)
	at org.apache.maven.surefire.junit4.JUnit4Provider.invoke(JUnit4Provider.java:112)
	at sun.reflect.NativeMethodAccessorImpl.invoke0(Native Method)
	at sun.reflect.NativeMethodAccessorImpl.invoke(Unknown Source)
	at sun.reflect.DelegatingMethodAccessorImpl.invoke(Unknown Source)
	at java.lang.reflect.Method.invoke(Unknown Source)
	at org.apache.maven.surefire.util.ReflectionUtils.invokeMethodWithArray(ReflectionUtils.java:189)
	at org.apache.maven.surefire.booter.ProviderFactory$ProviderProxy.invoke(ProviderFactory.java:165)
	at org.apache.maven.surefire.booter.ProviderFactory.invokeProvider(ProviderFactory.java:85)
	at org.apache.maven.surefire.booter.ForkedBooter.runSuitesInProcess(ForkedBooter.java:115)
	at org.apache.maven.surefire.booter.ForkedBooter.main(ForkedBooter.java:75)
Caused by: java.lang.ClassNotFoundException: org.apache.log.format.Formatter
	at java.net.URLClassLoader.findClass(Unknown Source)
	at java.lang.ClassLoader.loadClass(Unknown Source)
	at sun.misc.Launcher$AppClassLoader.loadClass(Unknown Source)
	at java.lang.ClassLoader.loadClass(Unknown Source)
	... 43 more
2018-12-14 11:37:39,602 - Trying to use logger class org.apache.velocity.runtime.log.Log4JLogChute
2018-12-14 11:37:39,602 - Using logger class org.apache.velocity.runtime.log.Log4JLogChute
2018-12-14 11:37:39,604 - Default ResourceManager initializing. (class org.apache.velocity.runtime.resource.ResourceManagerImpl)
2018-12-14 11:37:39,606 - ResourceLoader instantiated: org.apache.velocity.runtime.resource.loader.FileResourceLoader
2018-12-14 11:37:39,607 - Do unicode file recognition:  false
2018-12-14 11:37:39,607 - FileResourceLoader : adding path '.'
2018-12-14 11:37:39,618 - ResourceCache: initialized (class org.apache.velocity.runtime.resource.ResourceCacheImpl)
2018-12-14 11:37:39,619 - Loaded System Directive: org.apache.velocity.runtime.directive.Literal
2018-12-14 11:37:39,620 - Loaded System Directive: org.apache.velocity.runtime.directive.Macro
2018-12-14 11:37:39,620 - Loaded System Directive: org.apache.velocity.runtime.directive.Parse
2018-12-14 11:37:39,621 - Loaded System Directive: org.apache.velocity.runtime.directive.Include
2018-12-14 11:37:39,622 - Loaded System Directive: org.apache.velocity.runtime.directive.Foreach
2018-12-14 11:37:39,641 - Created '20' parsers.
2018-12-14 11:37:39,646 - Velocimacro : "velocimacro.library" is not set.  Trying default library: VM_global_library.vm
2018-12-14 11:37:39,647 - Velocimacro : Default library not found.
2018-12-14 11:37:39,647 - Velocimacro : allowInline = true : VMs can be defined inline in templates
2018-12-14 11:37:39,647 - Velocimacro : allowInlineToOverride = false : VMs defined inline may NOT replace previous VM definitions
2018-12-14 11:37:39,647 - Velocimacro : allowInlineLocal = false : VMs defined inline will be global in scope if allowed.
2018-12-14 11:37:39,647 - Velocimacro : autoload off : VM system will not automatically reload global library macros
2018-12-14 11:43:12,477 - Log4JLogChute initialized using file 'velocity.log'
2018-12-14 11:43:12,478 - Velocity was not initialized! Calling init()...
2018-12-14 11:43:12,478 - Starting Apache Velocity v1.5 (compiled: 2007-02-22 08:52:29)
2018-12-14 11:43:12,478 - Default Properties File: org\apache\velocity\runtime\defaults\velocity.properties
2018-12-14 11:43:12,478 - Trying to use logger class org.apache.velocity.runtime.log.AvalonLogChute
2018-12-14 11:43:12,479 - Couldn't find class org.apache.velocity.runtime.log.AvalonLogChute or necessary supporting classes in classpath.
java.lang.NoClassDefFoundError: org/apache/log/format/Formatter
	at java.lang.Class.forName0(Native Method)
	at java.lang.Class.forName(Unknown Source)
	at org.apache.velocity.util.ClassUtils.getClass(ClassUtils.java:63)
	at org.apache.velocity.util.ClassUtils.getNewInstance(ClassUtils.java:95)
	at org.apache.velocity.runtime.log.LogManager.createLogChute(LogManager.java:147)
	at org.apache.velocity.runtime.log.LogManager.updateLog(LogManager.java:208)
	at org.apache.velocity.runtime.RuntimeInstance.initializeLog(RuntimeInstance.java:728)
	at org.apache.velocity.runtime.RuntimeInstance.init(RuntimeInstance.java:240)
	at org.apache.velocity.runtime.RuntimeInstance.parse(RuntimeInstance.java:993)
	at org.apache.velocity.runtime.RuntimeInstance.parse(RuntimeInstance.java:972)
	at org.apache.velocity.runtime.RuntimeSingleton.parse(RuntimeSingleton.java:265)
	at org.apache.velocity.app.Velocity.evaluate(Velocity.java:274)
	at org.sonatype.mavenbook.custom.weather.WeatherFormatter.format(WeatherFormatter.java:21)
	at org.sonatype.mavenbook.custom.weather.yahoo.WeatherFormatterTest.testFormat(WeatherFormatterTest.java:25)
	at sun.reflect.NativeMethodAccessorImpl.invoke0(Native Method)
	at sun.reflect.NativeMethodAccessorImpl.invoke(Unknown Source)
	at sun.reflect.DelegatingMethodAccessorImpl.invoke(Unknown Source)
	at java.lang.reflect.Method.invoke(Unknown Source)
	at org.junit.runners.model.FrameworkMethod$1.runReflectiveCall(FrameworkMethod.java:47)
	at org.junit.internal.runners.model.ReflectiveCallable.run(ReflectiveCallable.java:12)
	at org.junit.runners.model.FrameworkMethod.invokeExplosively(FrameworkMethod.java:44)
	at org.junit.internal.runners.statements.InvokeMethod.evaluate(InvokeMethod.java:17)
	at org.junit.runners.ParentRunner.runLeaf(ParentRunner.java:271)
	at org.junit.runners.BlockJUnit4ClassRunner.runChild(BlockJUnit4ClassRunner.java:70)
	at org.junit.runners.BlockJUnit4ClassRunner.runChild(BlockJUnit4ClassRunner.java:50)
	at org.junit.runners.ParentRunner$3.run(ParentRunner.java:238)
	at org.junit.runners.ParentRunner$1.schedule(ParentRunner.java:63)
	at org.junit.runners.ParentRunner.runChildren(ParentRunner.java:236)
	at org.junit.runners.ParentRunner.access$000(ParentRunner.java:53)
	at org.junit.runners.ParentRunner$2.evaluate(ParentRunner.java:229)
	at org.junit.runners.ParentRunner.run(ParentRunner.java:309)
	at org.apache.maven.surefire.junit4.JUnit4Provider.execute(JUnit4Provider.java:252)
	at org.apache.maven.surefire.junit4.JUnit4Provider.executeTestSet(JUnit4Provider.java:141)
	at org.apache.maven.surefire.junit4.JUnit4Provider.invoke(JUnit4Provider.java:112)
	at sun.reflect.NativeMethodAccessorImpl.invoke0(Native Method)
	at sun.reflect.NativeMethodAccessorImpl.invoke(Unknown Source)
	at sun.reflect.DelegatingMethodAccessorImpl.invoke(Unknown Source)
	at java.lang.reflect.Method.invoke(Unknown Source)
	at org.apache.maven.surefire.util.ReflectionUtils.invokeMethodWithArray(ReflectionUtils.java:189)
	at org.apache.maven.surefire.booter.ProviderFactory$ProviderProxy.invoke(ProviderFactory.java:165)
	at org.apache.maven.surefire.booter.ProviderFactory.invokeProvider(ProviderFactory.java:85)
	at org.apache.maven.surefire.booter.ForkedBooter.runSuitesInProcess(ForkedBooter.java:115)
	at org.apache.maven.surefire.booter.ForkedBooter.main(ForkedBooter.java:75)
Caused by: java.lang.ClassNotFoundException: org.apache.log.format.Formatter
	at java.net.URLClassLoader.findClass(Unknown Source)
	at java.lang.ClassLoader.loadClass(Unknown Source)
	at sun.misc.Launcher$AppClassLoader.loadClass(Unknown Source)
	at java.lang.ClassLoader.loadClass(Unknown Source)
	... 43 more
2018-12-14 11:43:12,481 - Trying to use logger class org.apache.velocity.runtime.log.Log4JLogChute
2018-12-14 11:43:12,481 - Using logger class org.apache.velocity.runtime.log.Log4JLogChute
2018-12-14 11:43:12,482 - Default ResourceManager initializing. (class org.apache.velocity.runtime.resource.ResourceManagerImpl)
2018-12-14 11:43:12,485 - ResourceLoader instantiated: org.apache.velocity.runtime.resource.loader.FileResourceLoader
2018-12-14 11:43:12,486 - Do unicode file recognition:  false
2018-12-14 11:43:12,486 - FileResourceLoader : adding path '.'
2018-12-14 11:43:12,500 - ResourceCache: initialized (class org.apache.velocity.runtime.resource.ResourceCacheImpl)
2018-12-14 11:43:12,501 - Loaded System Directive: org.apache.velocity.runtime.directive.Literal
2018-12-14 11:43:12,502 - Loaded System Directive: org.apache.velocity.runtime.directive.Macro
2018-12-14 11:43:12,503 - Loaded System Directive: org.apache.velocity.runtime.directive.Parse
2018-12-14 11:43:12,504 - Loaded System Directive: org.apache.velocity.runtime.directive.Include
2018-12-14 11:43:12,505 - Loaded System Directive: org.apache.velocity.runtime.directive.Foreach
2018-12-14 11:43:12,526 - Created '20' parsers.
2018-12-14 11:43:12,531 - Velocimacro : "velocimacro.library" is not set.  Trying default library: VM_global_library.vm
2018-12-14 11:43:12,531 - Velocimacro : Default library not found.
2018-12-14 11:43:12,531 - Velocimacro : allowInline = true : VMs can be defined inline in templates
2018-12-14 11:43:12,531 - Velocimacro : allowInlineToOverride = false : VMs defined inline may NOT replace previous VM definitions
2018-12-14 11:43:12,531 - Velocimacro : allowInlineLocal = false : VMs defined inline will be global in scope if allowed.
2018-12-14 11:43:12,531 - Velocimacro : autoload off : VM system will not automatically reload global library macros
2018-12-14 11:46:23,676 - Log4JLogChute initialized using file 'velocity.log'
2018-12-14 11:46:23,676 - Velocity was not initialized! Calling init()...
2018-12-14 11:46:23,676 - Starting Apache Velocity v1.5 (compiled: 2007-02-22 08:52:29)
2018-12-14 11:46:23,677 - Default Properties File: org\apache\velocity\runtime\defaults\velocity.properties
2018-12-14 11:46:23,677 - Trying to use logger class org.apache.velocity.runtime.log.AvalonLogChute
2018-12-14 11:46:23,678 - Couldn't find class org.apache.velocity.runtime.log.AvalonLogChute or necessary supporting classes in classpath.
java.lang.NoClassDefFoundError: org/apache/log/format/Formatter
	at java.lang.Class.forName0(Native Method)
	at java.lang.Class.forName(Unknown Source)
	at org.apache.velocity.util.ClassUtils.getClass(ClassUtils.java:63)
	at org.apache.velocity.util.ClassUtils.getNewInstance(ClassUtils.java:95)
	at org.apache.velocity.runtime.log.LogManager.createLogChute(LogManager.java:147)
	at org.apache.velocity.runtime.log.LogManager.updateLog(LogManager.java:208)
	at org.apache.velocity.runtime.RuntimeInstance.initializeLog(RuntimeInstance.java:728)
	at org.apache.velocity.runtime.RuntimeInstance.init(RuntimeInstance.java:240)
	at org.apache.velocity.runtime.RuntimeInstance.parse(RuntimeInstance.java:993)
	at org.apache.velocity.runtime.RuntimeInstance.parse(RuntimeInstance.java:972)
	at org.apache.velocity.runtime.RuntimeSingleton.parse(RuntimeSingleton.java:265)
	at org.apache.velocity.app.Velocity.evaluate(Velocity.java:274)
	at org.sonatype.mavenbook.custom.weather.WeatherFormatter.format(WeatherFormatter.java:21)
	at org.sonatype.mavenbook.custom.weather.yahoo.WeatherFormatterTest.testFormat(WeatherFormatterTest.java:25)
	at sun.reflect.NativeMethodAccessorImpl.invoke0(Native Method)
	at sun.reflect.NativeMethodAccessorImpl.invoke(Unknown Source)
	at sun.reflect.DelegatingMethodAccessorImpl.invoke(Unknown Source)
	at java.lang.reflect.Method.invoke(Unknown Source)
	at org.junit.runners.model.FrameworkMethod$1.runReflectiveCall(FrameworkMethod.java:47)
	at org.junit.internal.runners.model.ReflectiveCallable.run(ReflectiveCallable.java:12)
	at org.junit.runners.model.FrameworkMethod.invokeExplosively(FrameworkMethod.java:44)
	at org.junit.internal.runners.statements.InvokeMethod.evaluate(InvokeMethod.java:17)
	at org.junit.runners.ParentRunner.runLeaf(ParentRunner.java:271)
	at org.junit.runners.BlockJUnit4ClassRunner.runChild(BlockJUnit4ClassRunner.java:70)
	at org.junit.runners.BlockJUnit4ClassRunner.runChild(BlockJUnit4ClassRunner.java:50)
	at org.junit.runners.ParentRunner$3.run(ParentRunner.java:238)
	at org.junit.runners.ParentRunner$1.schedule(ParentRunner.java:63)
	at org.junit.runners.ParentRunner.runChildren(ParentRunner.java:236)
	at org.junit.runners.ParentRunner.access$000(ParentRunner.java:53)
	at org.junit.runners.ParentRunner$2.evaluate(ParentRunner.java:229)
	at org.junit.runners.ParentRunner.run(ParentRunner.java:309)
	at org.apache.maven.surefire.junit4.JUnit4Provider.execute(JUnit4Provider.java:252)
	at org.apache.maven.surefire.junit4.JUnit4Provider.executeTestSet(JUnit4Provider.java:141)
	at org.apache.maven.surefire.junit4.JUnit4Provider.invoke(JUnit4Provider.java:112)
	at sun.reflect.NativeMethodAccessorImpl.invoke0(Native Method)
	at sun.reflect.NativeMethodAccessorImpl.invoke(Unknown Source)
	at sun.reflect.DelegatingMethodAccessorImpl.invoke(Unknown Source)
	at java.lang.reflect.Method.invoke(Unknown Source)
	at org.apache.maven.surefire.util.ReflectionUtils.invokeMethodWithArray(ReflectionUtils.java:189)
	at org.apache.maven.surefire.booter.ProviderFactory$ProviderProxy.invoke(ProviderFactory.java:165)
	at org.apache.maven.surefire.booter.ProviderFactory.invokeProvider(ProviderFactory.java:85)
	at org.apache.maven.surefire.booter.ForkedBooter.runSuitesInProcess(ForkedBooter.java:115)
	at org.apache.maven.surefire.booter.ForkedBooter.main(ForkedBooter.java:75)
Caused by: java.lang.ClassNotFoundException: org.apache.log.format.Formatter
	at java.net.URLClassLoader.findClass(Unknown Source)
	at java.lang.ClassLoader.loadClass(Unknown Source)
	at sun.misc.Launcher$AppClassLoader.loadClass(Unknown Source)
	at java.lang.ClassLoader.loadClass(Unknown Source)
	... 43 more
2018-12-14 11:46:23,680 - Trying to use logger class org.apache.velocity.runtime.log.Log4JLogChute
2018-12-14 11:46:23,680 - Using logger class org.apache.velocity.runtime.log.Log4JLogChute
2018-12-14 11:46:23,681 - Default ResourceManager initializing. (class org.apache.velocity.runtime.resource.ResourceManagerImpl)
2018-12-14 11:46:23,683 - ResourceLoader instantiated: org.apache.velocity.runtime.resource.loader.FileResourceLoader
2018-12-14 11:46:23,684 - Do unicode file recognition:  false
2018-12-14 11:46:23,684 - FileResourceLoader : adding path '.'
2018-12-14 11:46:23,695 - ResourceCache: initialized (class org.apache.velocity.runtime.resource.ResourceCacheImpl)
2018-12-14 11:46:23,696 - Loaded System Directive: org.apache.velocity.runtime.directive.Literal
2018-12-14 11:46:23,697 - Loaded System Directive: org.apache.velocity.runtime.directive.Macro
2018-12-14 11:46:23,698 - Loaded System Directive: org.apache.velocity.runtime.directive.Parse
2018-12-14 11:46:23,699 - Loaded System Directive: org.apache.velocity.runtime.directive.Include
2018-12-14 11:46:23,699 - Loaded System Directive: org.apache.velocity.runtime.directive.Foreach
2018-12-14 11:46:23,719 - Created '20' parsers.
2018-12-14 11:46:23,724 - Velocimacro : "velocimacro.library" is not set.  Trying default library: VM_global_library.vm
2018-12-14 11:46:23,724 - Velocimacro : Default library not found.
2018-12-14 11:46:23,724 - Velocimacro : allowInline = true : VMs can be defined inline in templates
2018-12-14 11:46:23,724 - Velocimacro : allowInlineToOverride = false : VMs defined inline may NOT replace previous VM definitions
2018-12-14 11:46:23,724 - Velocimacro : allowInlineLocal = false : VMs defined inline will be global in scope if allowed.
2018-12-14 11:46:23,724 - Velocimacro : autoload off : VM system will not automatically reload global library macros
